<?xml version="1.0" encoding="UTF-8"?>
<!-- Generated by org.testng.reporters.JUnitXMLReporter -->
<testsuite ignored="0" hostname="HP" failures="0" tests="4" name="Test" time="90.413" errors="0" timestamp="2023-01-03T23:23:53 IST">
  <testcase classname="com.sauceDemo.TestPackage.TC02_VerifyLogOutFunctionality" name="verifyLogout" time="0.63"/>
  <testcase classname="com.sauceDemo.TestPackage.TC03_VerifyBagProductAddToCartFunctionality" name="method7" time="0.404"/>
  <testcase classname="com.sauceDemo.TestPackage.TC04_Verify_AllProducts_AddToCart_Functionality" name="method9" time="2.017"/>
  <testcase classname="com.sauceDemo.TestPackage.TC01_VerifyLoginFunctionality" name="verifylogin" time="0.124"/>
</testsuite> <!-- Test -->
