<?xml version="1.0" encoding="UTF-8"?>
<!-- Generated by org.testng.reporters.JUnitXMLReporter -->
<testsuite ignored="0" hostname="HP" failures="0" tests="4" name="Test1" time="405.891" errors="0" timestamp="2022-12-30T15:27:02 IST">
  <testcase classname="com.sauceDemo.TestPackage.TC01_VerifyLoginFunctionality" name="method8" time="157.764"/>
  <testcase classname="com.sauceDemo.TestPackage.TC02_VerifyLogOutFunctionality" name="method9" time="70.322"/>
  <testcase classname="com.sauceDemo.TestPackage.TC03_VerifyBagProductAddToCartFunctionality" name="method7" time="1.709"/>
  <testcase classname="com.sauceDemo.TestPackage.TC04_Verify_AllProducts_AddToCart_Functionality" name="method9" time="63.863"/>
</testsuite> <!-- Test1 -->
