<?xml version="1.0" encoding="UTF-8"?>
<testng-results ignored="0" total="4" passed="4" failed="0" skipped="0">
  <reporter-output>
  </reporter-output>
  <suite started-at="2023-01-03T23:22:23 IST" name="Suite" finished-at="2023-01-03T23:23:53 IST" duration-ms="90413">
    <groups>
    </groups>
    <test started-at="2023-01-03T23:22:23 IST" name="Test" finished-at="2023-01-03T23:23:53 IST" duration-ms="90413">
      <class name="com.sauceDemo.TestPackage.TC03_VerifyBagProductAddToCartFunctionality">
        <test-method is-config="true" signature="setup(java.lang.String)[pri:0, instance:com.sauceDemo.TestPackage.TC03_VerifyBagProductAddToCartFunctionality@4d5650ae]" started-at="2023-01-03T23:23:04 IST" name="setup" finished-at="2023-01-03T23:23:17 IST" duration-ms="13093" status="PASS">
          <params>
            <param index="0">
              <value>
                <![CDATA[chrome]]>
              </value>
            </param>
          </params>
          <reporter-output>
          </reporter-output>
        </test-method> <!-- setup -->
        <test-method signature="method7()[pri:0, instance:com.sauceDemo.TestPackage.TC03_VerifyBagProductAddToCartFunctionality@4d5650ae]" started-at="2023-01-03T23:23:17 IST" name="method7" finished-at="2023-01-03T23:23:17 IST" duration-ms="404" status="PASS">
          <reporter-output>
          </reporter-output>
        </test-method> <!-- method7 -->
        <test-method is-config="true" signature="teardown()[pri:0, instance:com.sauceDemo.TestPackage.TC03_VerifyBagProductAddToCartFunctionality@4d5650ae]" started-at="2023-01-03T23:23:17 IST" name="teardown" finished-at="2023-01-03T23:23:19 IST" duration-ms="1319" status="PASS">
          <reporter-output>
          </reporter-output>
        </test-method> <!-- teardown -->
      </class> <!-- com.sauceDemo.TestPackage.TC03_VerifyBagProductAddToCartFunctionality -->
      <class name="com.sauceDemo.TestPackage.TC02_VerifyLogOutFunctionality">
        <test-method is-config="true" signature="setup(java.lang.String)[pri:0, instance:com.sauceDemo.TestPackage.TC02_VerifyLogOutFunctionality@ffaa6af]" started-at="2023-01-03T23:22:23 IST" name="setup" finished-at="2023-01-03T23:23:02 IST" duration-ms="38925" status="PASS">
          <params>
            <param index="0">
              <value>
                <![CDATA[chrome]]>
              </value>
            </param>
          </params>
          <reporter-output>
          </reporter-output>
        </test-method> <!-- setup -->
        <test-method signature="verifyLogout()[pri:0, instance:com.sauceDemo.TestPackage.TC02_VerifyLogOutFunctionality@ffaa6af]" started-at="2023-01-03T23:23:02 IST" name="verifyLogout" finished-at="2023-01-03T23:23:02 IST" duration-ms="630" status="PASS">
          <reporter-output>
          </reporter-output>
        </test-method> <!-- verifyLogout -->
        <test-method is-config="true" signature="teardown()[pri:0, instance:com.sauceDemo.TestPackage.TC02_VerifyLogOutFunctionality@ffaa6af]" started-at="2023-01-03T23:23:02 IST" name="teardown" finished-at="2023-01-03T23:23:04 IST" duration-ms="1432" status="PASS">
          <reporter-output>
          </reporter-output>
        </test-method> <!-- teardown -->
      </class> <!-- com.sauceDemo.TestPackage.TC02_VerifyLogOutFunctionality -->
      <class name="com.sauceDemo.TestPackage.TC04_Verify_AllProducts_AddToCart_Functionality">
        <test-method is-config="true" signature="setup(java.lang.String)[pri:0, instance:com.sauceDemo.TestPackage.TC04_Verify_AllProducts_AddToCart_Functionality@a38c7fe]" started-at="2023-01-03T23:23:19 IST" name="setup" finished-at="2023-01-03T23:23:31 IST" duration-ms="12811" status="PASS">
          <params>
            <param index="0">
              <value>
                <![CDATA[chrome]]>
              </value>
            </param>
          </params>
          <reporter-output>
          </reporter-output>
        </test-method> <!-- setup -->
        <test-method signature="method9()[pri:0, instance:com.sauceDemo.TestPackage.TC04_Verify_AllProducts_AddToCart_Functionality@a38c7fe]" started-at="2023-01-03T23:23:31 IST" name="method9" finished-at="2023-01-03T23:23:33 IST" duration-ms="2017" status="PASS">
          <reporter-output>
          </reporter-output>
        </test-method> <!-- method9 -->
        <test-method is-config="true" signature="teardown()[pri:0, instance:com.sauceDemo.TestPackage.TC04_Verify_AllProducts_AddToCart_Functionality@a38c7fe]" started-at="2023-01-03T23:23:33 IST" name="teardown" finished-at="2023-01-03T23:23:39 IST" duration-ms="5788" status="PASS">
          <reporter-output>
          </reporter-output>
        </test-method> <!-- teardown -->
      </class> <!-- com.sauceDemo.TestPackage.TC04_Verify_AllProducts_AddToCart_Functionality -->
      <class name="com.sauceDemo.TestPackage.TC01_VerifyLoginFunctionality">
        <test-method is-config="true" signature="setup(java.lang.String)[pri:0, instance:com.sauceDemo.TestPackage.TC01_VerifyLoginFunctionality@6fdbe764]" started-at="2023-01-03T23:23:39 IST" name="setup" finished-at="2023-01-03T23:23:51 IST" duration-ms="12295" status="PASS">
          <params>
            <param index="0">
              <value>
                <![CDATA[chrome]]>
              </value>
            </param>
          </params>
          <reporter-output>
          </reporter-output>
        </test-method> <!-- setup -->
        <test-method signature="verifylogin()[pri:0, instance:com.sauceDemo.TestPackage.TC01_VerifyLoginFunctionality@6fdbe764]" started-at="2023-01-03T23:23:51 IST" name="verifylogin" finished-at="2023-01-03T23:23:52 IST" duration-ms="124" status="PASS">
          <reporter-output>
          </reporter-output>
        </test-method> <!-- verifylogin -->
        <test-method is-config="true" signature="teardown()[pri:0, instance:com.sauceDemo.TestPackage.TC01_VerifyLoginFunctionality@6fdbe764]" started-at="2023-01-03T23:23:52 IST" name="teardown" finished-at="2023-01-03T23:23:53 IST" duration-ms="1391" status="PASS">
          <reporter-output>
          </reporter-output>
        </test-method> <!-- teardown -->
      </class> <!-- com.sauceDemo.TestPackage.TC01_VerifyLoginFunctionality -->
    </test> <!-- Test -->
  </suite> <!-- Suite -->
</testng-results>
